<?xml version="1.0" encoding="UTF-8"?>
<testsuite xmlns:xsi="http://www.w3.org/2001/XMLSchema-instance" xsi:noNamespaceSchemaLocation="https://maven.apache.org/surefire/maven-surefire-plugin/xsd/surefire-test-report-3.0.xsd" version="3.0" name="pwo.lab13.app.ProcessArgsTest" time="0.071" tests="10" errors="0" skipped="0" failures="0">
  <properties>
    <property name="sun.desktop" value="gnome"/>
    <property name="awt.toolkit" value="sun.awt.X11.XToolkit"/>
    <property name="java.specification.version" value="11"/>
    <property name="sun.cpu.isalist" value=""/>
    <property name="sun.jnu.encoding" value="UTF-8"/>
    <property name="java.class.path" value="/home/wercia/Dokumenty/SemestrVII/PWO/pwo-lab13/lab13/target/test-classes:/home/wercia/Dokumenty/SemestrVII/PWO/pwo-lab13/lab13/target/classes:/home/wercia/.m2/repository/org/junit/jupiter/junit-jupiter/5.9.0/junit-jupiter-5.9.0.jar:/home/wercia/.m2/repository/org/junit/jupiter/junit-jupiter-api/5.6.0/junit-jupiter-api-5.6.0.jar:/home/wercia/.m2/repository/org/apiguardian/apiguardian-api/1.1.0/apiguardian-api-1.1.0.jar:/home/wercia/.m2/repository/org/opentest4j/opentest4j/1.2.0/opentest4j-1.2.0.jar:/home/wercia/.m2/repository/org/junit/platform/junit-platform-commons/1.6.0/junit-platform-commons-1.6.0.jar:/home/wercia/.m2/repository/org/junit/jupiter/junit-jupiter-params/5.6.0/junit-jupiter-params-5.6.0.jar:/home/wercia/.m2/repository/org/junit/jupiter/junit-jupiter-engine/5.6.0/junit-jupiter-engine-5.6.0.jar:/home/wercia/.m2/repository/org/junit/platform/junit-platform-engine/1.6.0/junit-platform-engine-1.6.0.jar:"/>
    <property name="java.vm.vendor" value="Flathub"/>
    <property name="sun.arch.data.model" value="64"/>
    <property name="java.vendor.url" value="https://flathub.org"/>
    <property name="user.timezone" value=""/>
    <property name="java.vm.specification.version" value="11"/>
    <property name="os.name" value="Linux"/>
    <property name="user.country" value="PL"/>
    <property name="sun.java.launcher" value="SUN_STANDARD"/>
    <property name="sun.boot.library.path" value="/app/jdk/lib"/>
    <property name="sun.java.command" value="/home/wercia/Dokumenty/SemestrVII/PWO/pwo-lab13/lab13/target/surefire/surefirebooter-20221207163847965_3.jar /home/wercia/Dokumenty/SemestrVII/PWO/pwo-lab13/lab13/target/surefire 2022-12-07T16-38-47_656-jvmRun1 surefire-20221207163847965_1tmp surefire_0-20221207163847965_2tmp"/>
    <property name="jdk.debug" value="release"/>
    <property name="test" value="pwo.lab13.app.ProcessArgsTest"/>
    <property name="surefire.test.class.path" value="/home/wercia/Dokumenty/SemestrVII/PWO/pwo-lab13/lab13/target/test-classes:/home/wercia/Dokumenty/SemestrVII/PWO/pwo-lab13/lab13/target/classes:/home/wercia/.m2/repository/org/junit/jupiter/junit-jupiter/5.9.0/junit-jupiter-5.9.0.jar:/home/wercia/.m2/repository/org/junit/jupiter/junit-jupiter-api/5.6.0/junit-jupiter-api-5.6.0.jar:/home/wercia/.m2/repository/org/apiguardian/apiguardian-api/1.1.0/apiguardian-api-1.1.0.jar:/home/wercia/.m2/repository/org/opentest4j/opentest4j/1.2.0/opentest4j-1.2.0.jar:/home/wercia/.m2/repository/org/junit/platform/junit-platform-commons/1.6.0/junit-platform-commons-1.6.0.jar:/home/wercia/.m2/repository/org/junit/jupiter/junit-jupiter-params/5.6.0/junit-jupiter-params-5.6.0.jar:/home/wercia/.m2/repository/org/junit/jupiter/junit-jupiter-engine/5.6.0/junit-jupiter-engine-5.6.0.jar:/home/wercia/.m2/repository/org/junit/platform/junit-platform-engine/1.6.0/junit-platform-engine-1.6.0.jar:"/>
    <property name="sun.cpu.endian" value="little"/>
    <property name="user.home" value="/home/wercia"/>
    <property name="user.language" value="pl"/>
    <property name="java.specification.vendor" value="Oracle Corporation"/>
    <property name="java.version.date" value="2022-01-18"/>
    <property name="java.home" value="/app/jdk"/>
    <property name="file.separator" value="/"/>
    <property name="basedir" value="/home/wercia/Dokumenty/SemestrVII/PWO/pwo-lab13/lab13"/>
    <property name="java.vm.compressedOopsMode" value="Zero based"/>
    <property name="line.separator" value="&#10;"/>
    <property name="java.specification.name" value="Java Platform API Specification"/>
    <property name="java.vm.specification.vendor" value="Oracle Corporation"/>
    <property name="java.awt.graphicsenv" value="sun.awt.X11GraphicsEnvironment"/>
    <property name="surefire.real.class.path" value="/home/wercia/Dokumenty/SemestrVII/PWO/pwo-lab13/lab13/target/surefire/surefirebooter-20221207163847965_3.jar"/>
    <property name="sun.management.compiler" value="HotSpot 64-Bit Tiered Compilers"/>
    <property name="java.runtime.version" value="11.0.14+8"/>
    <property name="user.name" value="wercia"/>
    <property name="path.separator" value=":"/>
    <property name="os.version" value="5.4.0-135-generic"/>
    <property name="java.runtime.name" value="OpenJDK Runtime Environment"/>
    <property name="file.encoding" value="UTF-8"/>
    <property name="java.vm.name" value="OpenJDK 64-Bit Server VM"/>
    <property name="java.vendor.version" value="18.9"/>
    <property name="maven.ext.class.path" value="/app/netbeans/java/maven-nblib/netbeans-eventspy.jar"/>
    <property name="localRepository" value="/home/wercia/.m2/repository"/>
    <property name="java.vendor.url.bug" value="https://bugreport.java.com/bugreport/"/>
    <property name="java.io.tmpdir" value="/tmp"/>
    <property name="java.version" value="11.0.14"/>
    <property name="user.dir" value="/home/wercia/Dokumenty/SemestrVII/PWO/pwo-lab13/lab13"/>
    <property name="os.arch" value="amd64"/>
    <property name="java.vm.specification.name" value="Java Virtual Machine Specification"/>
    <property name="java.awt.printerjob" value="sun.print.PSPrinterJob"/>
    <property name="sun.os.patch.level" value="unknown"/>
    <property name="java.library.path" value="/usr/java/packages/lib:/usr/lib64:/lib64:/lib:/usr/lib"/>
    <property name="java.vm.info" value="mixed mode"/>
    <property name="java.vendor" value="Flathub"/>
    <property name="java.vm.version" value="11.0.14+8"/>
    <property name="sun.io.unicode.encoding" value="UnicodeLittle"/>
    <property name="java.class.version" value="55.0"/>
  </properties>
  <testcase name="testGetAction0" classname="pwo.lab13.app.ProcessArgsTest" time="0.026">
    <system-out><![CDATA[test gen action 0
]]></system-out>
  </testcase>
  <testcase name="testGetAction1" classname="pwo.lab13.app.ProcessArgsTest" time="0.002">
    <system-out><![CDATA[test gen action 1
]]></system-out>
  </testcase>
  <testcase name="testGetAction2" classname="pwo.lab13.app.ProcessArgsTest" time="0.001">
    <system-out><![CDATA[test gen action 2
]]></system-out>
  </testcase>
  <testcase name="testGetAction3" classname="pwo.lab13.app.ProcessArgsTest" time="0.001">
    <system-out><![CDATA[test gen action 3
]]></system-out>
  </testcase>
  <testcase name="testGetAction4" classname="pwo.lab13.app.ProcessArgsTest" time="0.001">
    <system-out><![CDATA[test gen action 4
]]></system-out>
  </testcase>
  <testcase name="testGetNumbers0" classname="pwo.lab13.app.ProcessArgsTest" time="0.006">
    <system-out><![CDATA[test get numbers 0
]]></system-out>
  </testcase>
  <testcase name="testGetNumbers1" classname="pwo.lab13.app.ProcessArgsTest" time="0.002">
    <system-out><![CDATA[test get numbers 1
]]></system-out>
  </testcase>
  <testcase name="testGetNumbers2" classname="pwo.lab13.app.ProcessArgsTest" time="0.001">
    <system-out><![CDATA[test get numbers 2
]]></system-out>
  </testcase>
  <testcase name="testGetNumbers3" classname="pwo.lab13.app.ProcessArgsTest" time="0.001">
    <system-out><![CDATA[test get numbers 3
]]></system-out>
  </testcase>
  <testcase name="testGetNumbers4" classname="pwo.lab13.app.ProcessArgsTest" time="0.001">
    <system-out><![CDATA[test get numbers 4
]]></system-out>
  </testcase>
</testsuite>